[INFO][13:20:42.164018] Anonymous user accessed Index-Page
[INFO][13:20:43.950477] Anonymous user accessed Registration-Page
[INFO][13:20:57.066055] User registered (qqa)!
[INFO][13:21:22.300716] Anonymous user accessed Index-Page
[INFO][13:21:23.786274] Anonymous user accessed Registration-Page
[INFO][13:21:30.157564] User registered (rtt)!
[INFO][15:11:31.946576] Anonymous user accessed Index-Page
[INFO][15:11:34.491506] Anonymous user accessed Registration-Page
[INFO][15:11:39.752471] User registered (ertz)!
[INFO][17:33:26.465837] Anonymous user accessed Index-Page
[INFO][17:33:28.345903] Anonymous user accessed Registration-Page
[INFO][17:33:32.856923] User registered (qws)!
[INFO][17:36:50.805098] Anonymous user accessed Index-Page
[INFO][17:36:52.282514] Anonymous user accessed Registration-Page
[INFO][17:36:56.250584] User registered (ert)!
[INFO][17:37:33.899757] Anonymous user accessed Index-Page
[INFO][17:37:35.209581] Anonymous user accessed Registration-Page
[INFO][17:37:40.078146] User registered (aaa)!
[INFO][17:39:24.054998] Anonymous user accessed Index-Page
[INFO][17:39:25.837123] Anonymous user accessed Registration-Page
[INFO][17:39:30.078406] User registered (aaaa)!
[INFO][17:42:53.357594] Anonymous user accessed Index-Page
[INFO][17:42:55.132092] Anonymous user accessed Registration-Page
[INFO][17:43:01.810702] User registered (tztztz)!
[INFO][17:45:05.360768] Logged in user accessed Index-Page - (tztztz)
[INFO][17:46:09.380889] Anonymous user accessed Index-Page
[INFO][17:46:09.503375] Anonymous user accessed Index-Page
[INFO][17:46:10.655450] Anonymous user accessed Registration-Page
[INFO][17:46:16.070663] User registered (ttt)!
[ERROR][17:56:57.315463] UserOnAcademyProgram matching query does not exist.
[INFO][17:56:57.394566] Logged in user accessed Index-Page - (ttt)
[ERROR][17:56:57.419214] UserOnAcademyProgram matching query does not exist.
[INFO][17:56:57.442339] Logged in user accessed Index-Page - (ttt)
[INFO][17:57:06.973657] Anonymous user accessed Index-Page
[INFO][17:57:08.201381] Anonymous user accessed Registration-Page
[INFO][17:57:13.921358] User registered (qwsqws)!
[ERROR][17:57:24.368636] UserOnAcademyProgram matching query does not exist.
[INFO][17:57:24.380661] Logged in user accessed Index-Page - (qwsqws)
[ERROR][17:57:24.775998] UserOnAcademyProgram matching query does not exist.
[INFO][17:57:24.790714] Logged in user accessed Index-Page - (qwsqws)
[ERROR][17:57:25.355544] UserOnAcademyProgram matching query does not exist.
[INFO][17:57:25.727853] Logged in user accessed Index-Page - (qwsqws)
[ERROR][17:57:25.935258] UserOnAcademyProgram matching query does not exist.
[ERROR][17:57:55.923855] UserOnAcademyProgram matching query does not exist.
[ERROR][17:57:55.924015] UserOnAcademyProgram matching query does not exist.
[INFO][17:57:55.940573] Logged in user accessed Index-Page - (qwsqws)
[ERROR][17:57:55.956787] UserOnAcademyProgram matching query does not exist.
[INFO][18:00:48.124795] Anonymous user accessed Index-Page
