[INFO][08:24:16.881811] Anonymous user accessed Index-Page
[INFO][08:24:23.714337] Anonymous user accessed Index-Page
[INFO][08:24:38.234525] Anonymous user accessed Index-Page
[INFO][08:24:39.796630] Anonymous user accessed Index-Page
[INFO][08:24:48.738674] Anonymous user accessed Registration-Page
[INFO][08:24:55.312110] User registered (wefwqe)!
[INFO][08:24:58.659691] Anonymous user accessed Registration-Page
[INFO][08:25:02.152720] User registered (saddasd)!
[INFO][09:04:39.576304] Anonymous user accessed Index-Page
[INFO][09:04:41.067308] Anonymous user accessed Registration-Page
[INFO][09:04:58.820366] Anonymous user accessed Index-Page
[INFO][09:05:02.608873] Anonymous user accessed Registration-Page
[INFO][09:05:06.348748] User registered (awqerqwewqe)!
[INFO][09:13:35.204408] Anonymous user accessed Index-Page
[INFO][09:13:38.345841] Anonymous user accessed Registration-Page
[INFO][09:13:42.582740] User registered (sdafsdafsdafasdf)!
[INFO][09:16:07.656117] Anonymous user accessed Index-Page
[INFO][09:16:09.083904] Anonymous user accessed Registration-Page
[INFO][09:16:12.364730] User registered (weqrwqeqw)!
[INFO][09:27:36.139257] Anonymous user accessed Index-Page
[INFO][09:27:37.436972] Anonymous user accessed Registration-Page
[INFO][09:27:40.640512] User registered (asdfsdadsaf)!
[INFO][09:38:14.219743] Anonymous user accessed Index-Page
[INFO][09:38:15.686614] Anonymous user accessed Registration-Page
[INFO][09:38:23.325525] User registered (asdad)!
[INFO][11:23:09.276234] Anonymous user accessed Index-Page
[INFO][11:23:19.788769] Anonymous user accessed Index-Page
[INFO][11:23:20.856120] Anonymous user accessed Index-Page
[INFO][11:23:25.650881] Anonymous user accessed Index-Page
[INFO][11:23:30.905429] Anonymous user accessed Index-Page
[INFO][11:23:35.655364] Anonymous user accessed Index-Page
[INFO][11:23:40.893726] Anonymous user accessed Index-Page
[INFO][11:23:45.652285] Anonymous user accessed Index-Page
[INFO][11:23:50.651924] Anonymous user accessed Index-Page
[INFO][11:24:44.715912] Anonymous user accessed Index-Page
[INFO][11:24:45.644994] Anonymous user accessed Index-Page
[INFO][11:24:50.880743] Anonymous user accessed Index-Page
[INFO][11:24:55.652170] Anonymous user accessed Index-Page
[INFO][11:25:01.027147] Anonymous user accessed Index-Page
[INFO][11:25:05.655613] Anonymous user accessed Index-Page
[INFO][11:25:10.917288] Anonymous user accessed Index-Page
[INFO][11:25:15.647176] Anonymous user accessed Index-Page
[INFO][11:25:20.651309] Anonymous user accessed Index-Page
[INFO][11:25:30.921301] Anonymous user accessed Index-Page
[INFO][11:25:31.410251] Anonymous user accessed Index-Page
[INFO][11:25:43.080936] Anonymous user accessed Index-Page
[INFO][11:25:45.911631] Anonymous user accessed Index-Page
[INFO][11:26:47.734619] Anonymous user accessed Index-Page
[INFO][11:26:50.713985] Anonymous user accessed Index-Page
[INFO][11:26:55.651948] Anonymous user accessed Index-Page
[INFO][11:27:00.652709] Anonymous user accessed Index-Page
[INFO][11:27:05.831262] Anonymous user accessed Index-Page
[INFO][11:27:10.650978] Anonymous user accessed Index-Page
[INFO][11:27:15.943863] Anonymous user accessed Index-Page
[INFO][11:27:20.656749] Anonymous user accessed Index-Page
[INFO][11:27:25.965574] Anonymous user accessed Index-Page
[INFO][11:27:30.654793] Anonymous user accessed Index-Page
[INFO][11:27:35.768147] Anonymous user accessed Index-Page
[INFO][11:27:40.652076] Anonymous user accessed Index-Page
[INFO][11:27:45.642216] Anonymous user accessed Index-Page
[INFO][11:27:50.652330] Anonymous user accessed Index-Page
[INFO][11:27:55.648937] Anonymous user accessed Index-Page
[INFO][11:28:00.903100] Anonymous user accessed Index-Page
[INFO][11:28:05.654166] Anonymous user accessed Index-Page
[INFO][11:28:10.959053] Anonymous user accessed Index-Page
[INFO][11:28:15.655592] Anonymous user accessed Index-Page
[INFO][11:28:20.788190] Anonymous user accessed Index-Page
[INFO][11:28:25.650768] Anonymous user accessed Index-Page
[INFO][11:28:30.652256] Anonymous user accessed Index-Page
[INFO][11:28:35.644308] Anonymous user accessed Index-Page
[INFO][11:28:40.647742] Anonymous user accessed Index-Page
[INFO][11:28:45.974609] Anonymous user accessed Index-Page
[INFO][11:28:50.271917] Anonymous user accessed Index-Page
[INFO][11:28:50.722982] Anonymous user accessed Index-Page
[INFO][11:28:51.872779] Anonymous user accessed Registration-Page
[INFO][11:28:54.956902] User registered (a)!
[INFO][11:28:55.974113] Anonymous user accessed Index-Page
[INFO][11:29:00.888530] Anonymous user accessed Index-Page
[INFO][11:29:05.779239] Anonymous user accessed Index-Page
[INFO][11:29:10.655686] Anonymous user accessed Index-Page
[INFO][11:29:15.653189] Anonymous user accessed Index-Page
[INFO][11:29:21.742116] Anonymous user accessed Index-Page
[INFO][11:29:25.718345] Anonymous user accessed Index-Page
[INFO][11:29:30.925180] Anonymous user accessed Index-Page
[INFO][11:29:35.654697] Anonymous user accessed Index-Page
[INFO][11:29:41.168082] Anonymous user accessed Index-Page
[INFO][11:29:45.754067] Anonymous user accessed Index-Page
[INFO][11:29:50.644766] Anonymous user accessed Index-Page
[INFO][11:29:55.654799] Anonymous user accessed Index-Page
[INFO][11:30:00.658791] Anonymous user accessed Index-Page
[INFO][11:30:05.652353] Anonymous user accessed Index-Page
[INFO][11:30:11.052491] Anonymous user accessed Index-Page
[INFO][11:30:15.654994] Anonymous user accessed Index-Page
[INFO][11:30:20.649770] Anonymous user accessed Index-Page
[INFO][11:30:25.657762] Anonymous user accessed Index-Page
[INFO][11:30:30.781978] Anonymous user accessed Index-Page
[INFO][11:30:35.927827] Anonymous user accessed Index-Page
[INFO][11:30:40.653637] Anonymous user accessed Index-Page
[INFO][11:30:46.015837] Anonymous user accessed Index-Page
[INFO][11:30:50.654518] Anonymous user accessed Index-Page
[INFO][11:30:55.964165] Anonymous user accessed Index-Page
[INFO][11:31:00.652896] Anonymous user accessed Index-Page
[INFO][11:31:05.675273] Anonymous user accessed Index-Page
[INFO][11:31:10.651832] Anonymous user accessed Index-Page
[INFO][11:31:15.651658] Anonymous user accessed Index-Page
[INFO][11:31:20.662661] Anonymous user accessed Index-Page
[INFO][11:31:25.653340] Anonymous user accessed Index-Page
[INFO][11:31:31.055039] Anonymous user accessed Index-Page
[INFO][11:31:35.662810] Anonymous user accessed Index-Page
[INFO][11:31:40.652058] Anonymous user accessed Index-Page
[INFO][11:31:45.967915] Anonymous user accessed Index-Page
[INFO][11:31:50.663796] Anonymous user accessed Index-Page
[INFO][11:31:55.652358] Anonymous user accessed Index-Page
[INFO][11:32:01.022610] Anonymous user accessed Index-Page
[INFO][11:32:05.650773] Anonymous user accessed Index-Page
[INFO][11:32:10.650759] Anonymous user accessed Index-Page
[INFO][11:32:15.652591] Anonymous user accessed Index-Page
[INFO][11:32:20.653408] Anonymous user accessed Index-Page
[INFO][11:32:26.139153] Anonymous user accessed Index-Page
[INFO][11:32:30.850322] Anonymous user accessed Index-Page
[INFO][11:32:35.654703] Anonymous user accessed Index-Page
[INFO][11:32:40.925918] Anonymous user accessed Index-Page
[INFO][11:32:45.652757] Anonymous user accessed Index-Page
[INFO][11:32:51.043497] Anonymous user accessed Index-Page
[INFO][11:32:55.656085] Anonymous user accessed Index-Page
[INFO][11:33:01.064251] Anonymous user accessed Index-Page
[INFO][11:33:05.653318] Anonymous user accessed Index-Page
[INFO][11:33:11.096989] Anonymous user accessed Index-Page
[INFO][11:33:15.896124] Anonymous user accessed Index-Page
[INFO][11:33:20.961861] Anonymous user accessed Index-Page
[INFO][11:33:25.948249] Anonymous user accessed Index-Page
[INFO][11:33:30.648288] Anonymous user accessed Index-Page
[INFO][11:33:35.901259] Anonymous user accessed Index-Page
[INFO][11:33:40.657670] Anonymous user accessed Index-Page
[INFO][11:33:45.647333] Anonymous user accessed Index-Page
[INFO][11:33:50.949989] Anonymous user accessed Index-Page
[INFO][11:33:55.649628] Anonymous user accessed Index-Page
[INFO][11:34:01.104997] Anonymous user accessed Index-Page
[INFO][11:34:05.652792] Anonymous user accessed Index-Page
[INFO][11:34:11.148058] Anonymous user accessed Index-Page
[INFO][11:34:15.647526] Anonymous user accessed Index-Page
[INFO][11:34:20.935103] Anonymous user accessed Index-Page
[INFO][11:34:25.649121] Anonymous user accessed Index-Page
[INFO][11:34:30.952176] Anonymous user accessed Index-Page
[INFO][11:34:35.657110] Anonymous user accessed Index-Page
[INFO][11:34:40.658737] Anonymous user accessed Index-Page
[INFO][11:34:45.689321] Anonymous user accessed Index-Page
[INFO][11:34:50.666521] Anonymous user accessed Index-Page
[INFO][11:34:56.220023] Anonymous user accessed Index-Page
[INFO][11:35:00.652465] Anonymous user accessed Index-Page
[INFO][11:35:06.115938] Anonymous user accessed Index-Page
[INFO][11:35:10.656529] Anonymous user accessed Index-Page
[INFO][11:35:16.008769] Anonymous user accessed Index-Page
[INFO][11:35:20.672558] Anonymous user accessed Index-Page
[INFO][11:35:25.664307] Anonymous user accessed Index-Page
[INFO][11:35:30.646291] Anonymous user accessed Index-Page
[INFO][11:35:35.656270] Anonymous user accessed Index-Page
[INFO][11:35:41.000376] Anonymous user accessed Index-Page
[INFO][11:35:45.655700] Anonymous user accessed Index-Page
[INFO][11:35:50.886577] Anonymous user accessed Index-Page
[INFO][11:35:55.652799] Anonymous user accessed Index-Page
[INFO][11:36:01.233271] Anonymous user accessed Index-Page
[INFO][11:36:05.654321] Anonymous user accessed Index-Page
[INFO][11:36:10.651082] Anonymous user accessed Index-Page
[INFO][11:36:15.653322] Anonymous user accessed Index-Page
[INFO][11:36:20.673703] Anonymous user accessed Index-Page
[INFO][11:36:26.123607] Anonymous user accessed Index-Page
[INFO][11:36:30.653154] Anonymous user accessed Index-Page
[INFO][11:36:36.653018] Anonymous user accessed Index-Page
[INFO][11:36:40.685652] Anonymous user accessed Index-Page
[INFO][11:36:45.731760] Anonymous user accessed Index-Page
[INFO][11:36:51.065154] Anonymous user accessed Index-Page
[INFO][11:36:55.652472] Anonymous user accessed Index-Page
[INFO][11:37:00.709621] Anonymous user accessed Index-Page
[INFO][11:37:05.654822] Anonymous user accessed Index-Page
[INFO][11:37:11.012023] Anonymous user accessed Index-Page
[INFO][11:37:15.839889] Anonymous user accessed Index-Page
[INFO][11:37:20.712433] Anonymous user accessed Index-Page
[INFO][11:37:25.996697] Anonymous user accessed Index-Page
[INFO][11:37:30.841105] Anonymous user accessed Index-Page
[INFO][11:37:36.091860] Anonymous user accessed Index-Page
[INFO][11:37:40.653036] Anonymous user accessed Index-Page
[INFO][11:37:45.723977] Anonymous user accessed Index-Page
[INFO][11:37:50.652361] Anonymous user accessed Index-Page
[INFO][11:37:55.973165] Anonymous user accessed Index-Page
[INFO][11:38:00.861950] Anonymous user accessed Index-Page
[INFO][11:38:05.936796] Anonymous user accessed Index-Page
[INFO][11:38:10.941091] Anonymous user accessed Index-Page
[INFO][11:38:15.900206] Anonymous user accessed Index-Page
[INFO][11:38:20.998328] Anonymous user accessed Index-Page
[INFO][11:38:25.660425] Anonymous user accessed Index-Page
[INFO][11:38:30.715945] Anonymous user accessed Index-Page
[INFO][11:38:35.652649] Anonymous user accessed Index-Page
[INFO][11:38:40.869363] Anonymous user accessed Index-Page
[INFO][11:38:45.749696] Anonymous user accessed Index-Page
[INFO][11:38:50.890441] Anonymous user accessed Index-Page
[INFO][11:38:55.986493] Anonymous user accessed Index-Page
[INFO][11:39:00.897553] Anonymous user accessed Index-Page
[INFO][11:39:05.964929] Anonymous user accessed Index-Page
[INFO][11:39:10.643719] Anonymous user accessed Index-Page
[INFO][11:39:15.774397] Anonymous user accessed Index-Page
[INFO][11:39:20.656297] Anonymous user accessed Index-Page
[INFO][11:39:25.655769] Anonymous user accessed Index-Page
[INFO][11:39:30.648997] Anonymous user accessed Index-Page
[INFO][11:39:35.907076] Anonymous user accessed Index-Page
[INFO][11:39:39.368292] Anonymous user accessed Index-Page
[INFO][13:20:27.894397] Anonymous user accessed Index-Page
[INFO][13:20:30.080394] Anonymous user accessed Registration-Page
[INFO][13:20:33.780142] User registered (asdsad)!
[INFO][14:13:44.068726] Anonymous user accessed Index-Page
[INFO][14:13:45.845369] Anonymous user accessed Registration-Page
[INFO][14:13:50.352622] User registered (rt)!
[INFO][18:44:48.520889] Logged in user accessed Index-Page - (rt)
