[INFO][13:26:09.787053] Logged in user accessed Index-Page - (a)
[INFO][13:26:15.114582] Anonymous user accessed Index-Page
[INFO][13:26:16.748916] Anonymous user accessed Registration-Page
[INFO][13:26:26.618022] User registered (rfgrfgrt)!
[INFO][16:31:36.794372] Anonymous user accessed Index-Page
[INFO][16:32:02.923885] Anonymous user accessed Index-Page
[INFO][16:32:19.342617] Anonymous user accessed Registration-Page
[INFO][16:32:49.368135] Anonymous user accessed Registration-Page
[INFO][16:33:02.801621] User registered (qwert)!
[INFO][16:36:19.989538] Anonymous user accessed Index-Page
[INFO][16:36:22.602721] Anonymous user accessed Registration-Page
[INFO][16:36:25.681334] User registered (q)!
[INFO][16:38:42.524904] Anonymous user accessed Index-Page
[INFO][16:39:12.187335] Anonymous user accessed Index-Page
[INFO][16:39:33.380648] Anonymous user accessed Index-Page
[INFO][16:39:45.625506] Anonymous user accessed Registration-Page
[INFO][16:39:49.630755] User registered (rg)!
[INFO][17:28:11.228122] Anonymous user accessed Index-Page
[INFO][17:29:45.551596] Anonymous user accessed Registration-Page
[INFO][17:29:51.484778] User registered (oo)!
